2025-10-14 09:55:03,019 - INFO - ================================================================================
2025-10-14 09:55:03,020 - INFO - Starting Baseline Models Training Pipeline
2025-10-14 09:55:03,020 - INFO - ================================================================================
2025-10-14 09:55:03,020 - INFO - 
Dataset Configuration:
2025-10-14 09:55:03,021 - INFO -   Max samples: 10,000
2025-10-14 09:55:03,021 - INFO -   Sampling strategy: per-file
2025-10-14 09:55:03,021 - INFO -   Target memory usage: ~8-16 GB RAM
2025-10-14 09:55:03,021 - INFO - 
Model Selection:
2025-10-14 09:55:03,022 - INFO -   Logistic Regression: ✗
2025-10-14 09:55:03,022 - INFO -   Random Forest: ✓
2025-10-14 09:55:03,023 - INFO -   XGBoost: ✓
2025-10-14 09:55:03,023 - INFO -   k-NN: ✓
2025-10-14 09:55:03,023 - INFO -   MLP: ✓
2025-10-14 09:55:03,023 - INFO -   SVC: ✓
2025-10-14 09:55:03,024 - INFO - [Memory] Process RAM usage: 917.11 MB
2025-10-14 09:55:03,025 - INFO - [Memory] GPU allocated: 0.00 MB, reserved: 0.00 MB
2025-10-14 09:55:03,027 - INFO - Output directory: runs/models/classif_20251014_095503
2025-10-14 09:55:03,027 - INFO - Loading data...
2025-10-14 09:55:03,029 - INFO - Sampling strategy: 10,000 samples per file
2025-10-14 09:55:03,060 - INFO - Loading: data/train/DrDoS_LDAP.csv
2025-10-14 09:55:24,955 - INFO - Original dataset size: 2,181,542 rows
2025-10-14 09:55:25,057 - INFO - Class distribution before sampling:
2025-10-14 09:55:25,057 - INFO -   DrDoS_LDAP: 2,179,930 samples (99.93%)
2025-10-14 09:55:25,058 - INFO -   BENIGN: 1,612 samples (0.07%)
2025-10-14 09:55:25,058 - INFO - 
Sampling plan:
2025-10-14 09:55:25,058 - INFO -   DrDoS_LDAP: 8,610 samples
2025-10-14 09:55:25,059 - INFO -   BENIGN: 4,000 samples
2025-10-14 09:55:25,908 - INFO - 
Sampled dataset size: 10,222 rows (0.47% of original)
2025-10-14 09:55:25,909 - INFO - Class distribution after sampling:
2025-10-14 09:55:25,910 - INFO -   DrDoS_LDAP: 8,610 samples (84.23%)
2025-10-14 09:55:25,910 - INFO -   BENIGN: 1,612 samples (15.77%)
2025-10-14 09:55:25,997 - INFO - Loading: data/train/DrDoS_MSSQL.csv
