2025-10-13 17:39:50,338 - INFO - ================================================================================
2025-10-13 17:39:50,339 - INFO - Starting Baseline Models Training Pipeline
2025-10-13 17:39:50,339 - INFO - ================================================================================
2025-10-13 17:39:50,339 - INFO - 
Dataset Configuration:
2025-10-13 17:39:50,339 - INFO -   Max samples: 10,000
2025-10-13 17:39:50,339 - INFO -   Sampling strategy: per-file
2025-10-13 17:39:50,340 - INFO -   Target memory usage: ~8-16 GB RAM
2025-10-13 17:39:50,340 - INFO - 
Model Selection:
2025-10-13 17:39:50,340 - INFO -   Logistic Regression: ✓
2025-10-13 17:39:50,340 - INFO -   Random Forest: ✓
2025-10-13 17:39:50,340 - INFO -   XGBoost: ✓
2025-10-13 17:39:50,340 - INFO -   k-NN: ✓
2025-10-13 17:39:50,340 - INFO -   MLP: ✓
2025-10-13 17:39:50,340 - INFO -   SVC: ✓
2025-10-13 17:39:50,340 - INFO - [Memory] Process RAM usage: 808.46 MB
2025-10-13 17:39:50,341 - INFO - [Memory] GPU allocated: 0.00 MB, reserved: 0.00 MB
2025-10-13 17:39:50,341 - INFO - Output directory: runs/models/classif_20251013_173950
2025-10-13 17:39:50,342 - INFO - Loading data...
2025-10-13 17:39:50,342 - INFO - Sampling strategy: 10,000 samples per file
2025-10-13 17:39:50,344 - INFO - Loading: data/train/DrDoS_NetBIOS.csv
2025-10-13 17:40:19,351 - INFO - Original dataset size: 4,094,986 rows
2025-10-13 17:40:19,559 - INFO - Class distribution before sampling:
2025-10-13 17:40:19,559 - INFO -   DrDoS_NetBIOS: 4,093,279 samples (99.96%)
2025-10-13 17:40:19,559 - INFO -   BENIGN: 1,707 samples (0.04%)
2025-10-13 17:40:19,559 - INFO - 
Sampling plan:
2025-10-13 17:40:19,559 - INFO -   DrDoS_NetBIOS: 8,541 samples
2025-10-13 17:40:19,559 - INFO -   BENIGN: 4,000 samples
2025-10-13 17:40:21,565 - INFO - 
Sampled dataset size: 10,248 rows (0.25% of original)
2025-10-13 17:40:21,565 - INFO - Class distribution after sampling:
2025-10-13 17:40:21,566 - INFO -   DrDoS_NetBIOS: 8,541 samples (83.34%)
2025-10-13 17:40:21,566 - INFO -   BENIGN: 1,707 samples (16.66%)
2025-10-13 17:40:21,732 - INFO - Loading: data/train/DrDoS_MSSQL.csv
2025-10-13 17:40:52,939 - INFO - Original dataset size: 4,524,498 rows
2025-10-13 17:40:53,173 - INFO - Class distribution before sampling:
2025-10-13 17:40:53,174 - INFO -   DrDoS_MSSQL: 4,522,492 samples (99.96%)
2025-10-13 17:40:53,174 - INFO -   BENIGN: 2,006 samples (0.04%)
2025-10-13 17:40:53,174 - INFO - 
Sampling plan:
2025-10-13 17:40:53,174 - INFO -   DrDoS_MSSQL: 8,328 samples
2025-10-13 17:40:53,174 - INFO -   BENIGN: 4,000 samples
2025-10-13 17:40:55,409 - INFO - 
Sampled dataset size: 10,334 rows (0.23% of original)
2025-10-13 17:40:55,409 - INFO - Class distribution after sampling:
2025-10-13 17:40:55,410 - INFO -   DrDoS_MSSQL: 8,328 samples (80.59%)
2025-10-13 17:40:55,410 - INFO -   BENIGN: 2,006 samples (19.41%)
2025-10-13 17:40:55,593 - INFO - Loading: data/train/DrDoS_LDAP.csv
2025-10-13 17:41:10,285 - INFO - Original dataset size: 2,181,542 rows
2025-10-13 17:41:10,396 - INFO - Class distribution before sampling:
2025-10-13 17:41:10,396 - INFO -   DrDoS_LDAP: 2,179,930 samples (99.93%)
2025-10-13 17:41:10,396 - INFO -   BENIGN: 1,612 samples (0.07%)
2025-10-13 17:41:10,397 - INFO - 
Sampling plan:
2025-10-13 17:41:10,397 - INFO -   DrDoS_LDAP: 8,610 samples
2025-10-13 17:41:10,397 - INFO -   BENIGN: 4,000 samples
2025-10-13 17:41:11,474 - INFO - 
Sampled dataset size: 10,222 rows (0.47% of original)
2025-10-13 17:41:11,474 - INFO - Class distribution after sampling:
2025-10-13 17:41:11,475 - INFO -   DrDoS_LDAP: 8,610 samples (84.23%)
2025-10-13 17:41:11,475 - INFO -   BENIGN: 1,612 samples (15.77%)
2025-10-13 17:41:11,565 - INFO - Loading: data/train/DrDoS_UDP.csv
2025-10-13 17:41:35,144 - INFO - Original dataset size: 3,136,802 rows
2025-10-13 17:41:35,303 - INFO - Class distribution before sampling:
2025-10-13 17:41:35,303 - INFO -   DrDoS_UDP: 3,134,645 samples (99.93%)
2025-10-13 17:41:35,303 - INFO -   BENIGN: 2,157 samples (0.07%)
2025-10-13 17:41:35,303 - INFO - 
Sampling plan:
2025-10-13 17:41:35,303 - INFO -   DrDoS_UDP: 8,224 samples
2025-10-13 17:41:35,303 - INFO -   BENIGN: 4,000 samples
2025-10-13 17:41:36,838 - INFO - 
Sampled dataset size: 10,381 rows (0.33% of original)
2025-10-13 17:41:36,838 - INFO - Class distribution after sampling:
2025-10-13 17:41:36,839 - INFO -   DrDoS_UDP: 8,224 samples (79.22%)
2025-10-13 17:41:36,840 - INFO -   BENIGN: 2,157 samples (20.78%)
2025-10-13 17:41:36,971 - INFO - Loading: data/train/UDPLag.csv
2025-10-13 17:41:39,502 - INFO - Loaded 370,166 samples from UDPLag.csv (WebDDoS removed)
2025-10-13 17:41:39,504 - INFO - Original dataset size: 370,166 rows
2025-10-13 17:41:39,523 - INFO - Class distribution before sampling:
2025-10-13 17:41:39,523 - INFO -   UDP-lag: 366,461 samples (99.00%)
2025-10-13 17:41:39,523 - INFO -   BENIGN: 3,705 samples (1.00%)
2025-10-13 17:41:39,523 - INFO - 
Sampling plan:
2025-10-13 17:41:39,523 - INFO -   UDP-lag: 7,276 samples
2025-10-13 17:41:39,523 - INFO -   BENIGN: 4,000 samples
2025-10-13 17:41:39,685 - INFO - 
Sampled dataset size: 10,981 rows (2.97% of original)
2025-10-13 17:41:39,685 - INFO - Class distribution after sampling:
2025-10-13 17:41:39,686 - INFO -   UDP-lag: 7,276 samples (66.26%)
2025-10-13 17:41:39,686 - INFO -   BENIGN: 3,705 samples (33.74%)
2025-10-13 17:41:39,700 - INFO - Loading: data/train/Syn.csv
2025-10-13 17:41:50,002 - INFO - Original dataset size: 1,582,681 rows
2025-10-13 17:41:50,083 - INFO - Class distribution before sampling:
2025-10-13 17:41:50,083 - INFO -   Syn: 1,582,289 samples (99.98%)
2025-10-13 17:41:50,083 - INFO -   BENIGN: 392 samples (0.02%)
2025-10-13 17:41:50,083 - INFO - 
Sampling plan:
2025-10-13 17:41:50,083 - INFO -   Syn: 9,622 samples
2025-10-13 17:41:50,083 - INFO -   BENIGN: 4,000 samples
2025-10-13 17:41:50,868 - INFO - 
Sampled dataset size: 10,014 rows (0.63% of original)
2025-10-13 17:41:50,868 - INFO - Class distribution after sampling:
2025-10-13 17:41:50,869 - INFO -   Syn: 9,622 samples (96.09%)
2025-10-13 17:41:50,869 - INFO -   BENIGN: 392 samples (3.91%)
2025-10-13 17:41:51,086 - INFO - Data loaded: 62,180 samples, 80 features
2025-10-13 17:41:51,136 - INFO - Label mapping: {'BENIGN': np.int64(0), 'DrDoS_LDAP': np.int64(1), 'DrDoS_MSSQL': np.int64(2), 'DrDoS_NetBIOS': np.int64(3), 'DrDoS_UDP': np.int64(4), 'Syn': np.int64(5), 'UDP-lag': np.int64(6)}
2025-10-13 17:41:51,137 - INFO - Number of classes: 7
2025-10-13 17:41:51,137 - INFO - Feature selection grid: [8, 16, 32, 48, 64, 80]
2025-10-13 17:41:51,137 - INFO - Performing group-based train/test split...
2025-10-13 17:41:51,154 - INFO - Train set: 51678 samples
2025-10-13 17:41:51,154 - INFO - Test set: 10502 samples
2025-10-13 17:41:51,344 - INFO - 
[+] Adding Logistic Regression to training queue
2025-10-13 17:41:51,347 - INFO - [+] Adding Random Forest to training queue
2025-10-13 17:41:51,347 - INFO -     Using RAPIDS cuML Random Forest (GPU)
2025-10-13 17:41:51,485 - INFO - [+] Adding XGBoost to training queue
2025-10-13 17:41:51,485 - INFO -     Using XGBoost with gpu_hist on cuda
2025-10-13 17:41:51,487 - INFO - [+] Adding k-NN to training queue
2025-10-13 17:41:51,487 - INFO -     Using RAPIDS cuML KNN (GPU)
2025-10-13 17:41:51,490 - INFO - [+] Adding MLP to training queue
2025-10-13 17:41:51,490 - INFO -     Using PyTorch MLP (GPU)
2025-10-13 17:41:51,493 - INFO - [+] Adding SVC to training queue
2025-10-13 17:41:51,493 - INFO -     Using RAPIDS cuML SVC (GPU)
2025-10-13 17:41:51,495 - INFO - 
================================================================================
2025-10-13 17:41:51,495 - INFO - Total models queued for training: 6
2025-10-13 17:41:51,495 - INFO - ================================================================================
2025-10-13 17:41:51,495 - INFO - 
================================================================================
2025-10-13 17:41:51,495 - INFO - === Tuning LogisticRegression (1/6) ===
2025-10-13 17:41:51,495 - INFO - ================================================================================
2025-10-13 17:41:51,496 - INFO - [Memory] Process RAM usage: 4106.46 MB
2025-10-13 17:41:51,496 - INFO - [Memory] GPU allocated: 0.00 MB, reserved: 0.00 MB
